<?xml version="1.0" encoding="UTF-8"?>
<robot generator="Robot 3.2.2 (Python 3.6.8 on win32)" generated="20201220 22:47:03.140" rpa="false">
<suite id="s1" name="Rb" source="D:\code\robot\test\rb.robot">
<test id="s1-t1" name="testcase">
<kw name="Log" library="BuiltIn">
<doc>Logs the given message with the given level.</doc>
<arguments>
<arg>robot</arg>
<arg>framework</arg>
</arguments>
<msg timestamp="20201220 22:47:03.574" level="FAIL">Invalid log level 'framework'.</msg>
<status status="FAIL" starttime="20201220 22:47:03.574" endtime="20201220 22:47:03.574"></status>
</kw>
<status status="FAIL" starttime="20201220 22:47:03.572" endtime="20201220 22:47:03.574" critical="yes">Invalid log level 'framework'.</status>
</test>
<status status="FAIL" starttime="20201220 22:47:03.141" endtime="20201220 22:47:03.576"></status>
</suite>
<statistics>
<total>
<stat pass="0" fail="1">Critical Tests</stat>
<stat pass="0" fail="1">All Tests</stat>
</total>
<tag>
</tag>
<suite>
<stat pass="0" fail="1" id="s1" name="Rb">Rb</stat>
</suite>
</statistics>
<errors>
</errors>
</robot>
